<?xml version="1.0" encoding="UTF-8"?>
<coverage generated="1775353812000" clover="3.2.0">
  <project timestamp="1775353812000" name="All files">
    <metrics statements="40" coveredstatements="29" conditionals="27" coveredconditionals="20" methods="13" coveredmethods="10" elements="80" coveredelements="59" complexity="0" loc="40" ncloc="40" packages="1" files="3" classes="3"/>
    <file name="CuentaAhorro.ts" path="C:\Users\Julian Karata\Documents\Programacion\Proyecto Type\src\models\CuentaAhorro.ts">
      <metrics statements="11" coveredstatements="6" conditionals="8" coveredconditionals="5" methods="3" coveredmethods="2"/>
      <line num="5" count="3" type="stmt"/>
      <line num="9" count="2" type="cond" truecount="1" falsecount="1"/>
      <line num="10" count="0" type="stmt"/>
      <line num="13" count="2" type="cond" truecount="2" falsecount="0"/>
      <line num="14" count="1" type="stmt"/>
      <line num="17" count="1" type="stmt"/>
      <line num="18" count="1" type="stmt"/>
      <line num="22" count="0" type="cond" truecount="0" falsecount="2"/>
      <line num="23" count="0" type="stmt"/>
      <line num="25" count="0" type="stmt"/>
      <line num="26" count="0" type="stmt"/>
    </file>
    <file name="CuentaBase.ts" path="C:\Users\Julian Karata\Documents\Programacion\Proyecto Type\src\models\CuentaBase.ts">
      <metrics statements="17" coveredstatements="14" conditionals="10" coveredconditionals="8" methods="7" coveredmethods="6"/>
      <line num="9" count="5" type="stmt"/>
      <line num="10" count="5" type="stmt"/>
      <line num="11" count="5" type="stmt"/>
      <line num="13" count="5" type="cond" truecount="2" falsecount="0"/>
      <line num="14" count="3" type="stmt"/>
      <line num="20" count="14" type="stmt"/>
      <line num="25" count="4" type="cond" truecount="3" falsecount="1"/>
      <line num="26" count="0" type="stmt"/>
      <line num="28" count="4" type="stmt"/>
      <line num="32" count="0" type="stmt"/>
      <line num="37" count="1" type="stmt"/>
      <line num="41" count="7" type="stmt"/>
      <line num="46" count="7" type="stmt"/>
      <line num="50" count="1" type="cond" truecount="1" falsecount="1"/>
      <line num="51" count="0" type="stmt"/>
      <line num="53" count="1" type="stmt"/>
      <line num="54" count="1" type="stmt"/>
    </file>
    <file name="CuentaCorriente.ts" path="C:\Users\Julian Karata\Documents\Programacion\Proyecto Type\src\models\CuentaCorriente.ts">
      <metrics statements="12" coveredstatements="9" conditionals="9" coveredconditionals="7" methods="3" coveredmethods="2"/>
      <line num="7" count="2" type="stmt"/>
      <line num="10" count="2" type="cond" truecount="1" falsecount="1"/>
      <line num="11" count="0" type="stmt"/>
      <line num="13" count="2" type="stmt"/>
      <line num="17" count="0" type="stmt"/>
      <line num="21" count="3" type="cond" truecount="1" falsecount="1"/>
      <line num="22" count="0" type="stmt"/>
      <line num="26" count="3" type="stmt"/>
      <line num="27" count="3" type="cond" truecount="2" falsecount="0"/>
      <line num="28" count="1" type="stmt"/>
      <line num="31" count="2" type="stmt"/>
      <line num="32" count="2" type="stmt"/>
    </file>
  </project>
</coverage>
