<?xml version="1.0" encoding="UTF-8"?>
<coverage generated="1775356524409" clover="3.2.0">
  <project timestamp="1775356524409" name="All files">
    <metrics statements="40" coveredstatements="40" conditionals="27" coveredconditionals="27" methods="13" coveredmethods="13" elements="80" coveredelements="80" complexity="0" loc="40" ncloc="40" packages="1" files="3" classes="3"/>
    <file name="CuentaAhorro.ts" path="C:\Users\Julian Karata\Documents\Programacion\Proyecto Type\src\models\CuentaAhorro.ts">
      <metrics statements="11" coveredstatements="11" conditionals="8" coveredconditionals="8" methods="3" coveredmethods="3"/>
      <line num="5" count="9" type="stmt"/>
      <line num="9" count="4" type="cond" truecount="2" falsecount="0"/>
      <line num="10" count="2" type="stmt"/>
      <line num="13" count="2" type="cond" truecount="2" falsecount="0"/>
      <line num="14" count="1" type="stmt"/>
      <line num="17" count="1" type="stmt"/>
      <line num="18" count="1" type="stmt"/>
      <line num="22" count="2" type="cond" truecount="2" falsecount="0"/>
      <line num="23" count="1" type="stmt"/>
      <line num="25" count="1" type="stmt"/>
      <line num="26" count="1" type="stmt"/>
    </file>
    <file name="CuentaBase.ts" path="C:\Users\Julian Karata\Documents\Programacion\Proyecto Type\src\models\CuentaBase.ts">
      <metrics statements="17" coveredstatements="17" conditionals="10" coveredconditionals="10" methods="7" coveredmethods="7"/>
      <line num="9" count="14" type="stmt"/>
      <line num="10" count="14" type="stmt"/>
      <line num="11" count="14" type="stmt"/>
      <line num="13" count="14" type="cond" truecount="2" falsecount="0"/>
      <line num="14" count="9" type="stmt"/>
      <line num="20" count="17" type="stmt"/>
      <line num="25" count="6" type="cond" truecount="4" falsecount="0"/>
      <line num="26" count="1" type="stmt"/>
      <line num="28" count="5" type="stmt"/>
      <line num="32" count="1" type="stmt"/>
      <line num="37" count="2" type="stmt"/>
      <line num="41" count="14" type="stmt"/>
      <line num="46" count="14" type="stmt"/>
      <line num="50" count="4" type="cond" truecount="2" falsecount="0"/>
      <line num="51" count="2" type="stmt"/>
      <line num="53" count="2" type="stmt"/>
      <line num="54" count="2" type="stmt"/>
    </file>
    <file name="CuentaCorriente.ts" path="C:\Users\Julian Karata\Documents\Programacion\Proyecto Type\src\models\CuentaCorriente.ts">
      <metrics statements="12" coveredstatements="12" conditionals="9" coveredconditionals="9" methods="3" coveredmethods="3"/>
      <line num="7" count="5" type="stmt"/>
      <line num="10" count="5" type="cond" truecount="2" falsecount="0"/>
      <line num="11" count="1" type="stmt"/>
      <line num="13" count="4" type="stmt"/>
      <line num="17" count="1" type="stmt"/>
      <line num="21" count="4" type="cond" truecount="2" falsecount="0"/>
      <line num="22" count="1" type="stmt"/>
      <line num="26" count="3" type="stmt"/>
      <line num="27" count="3" type="cond" truecount="2" falsecount="0"/>
      <line num="28" count="1" type="stmt"/>
      <line num="31" count="2" type="stmt"/>
      <line num="32" count="2" type="stmt"/>
    </file>
  </project>
</coverage>
