{"C:\\Users\\Julian Karata\\Documents\\Programacion\\Proyecto Type\\src\\models\\Banco.ts": {"path":"C:\\Users\\Julian Karata\\Documents\\Programacion\\Proyecto Type\\src\\models\\Banco.ts","statementMap":{"0":{"start":{"line":9,"column":4},"end":{"line":9,"column":null}},"1":{"start":{"line":10,"column":4},"end":{"line":10,"column":null}},"2":{"start":{"line":15,"column":4},"end":{"line":15,"column":null}},"3":{"start":{"line":19,"column":4},"end":{"line":20,"column":null}},"4":{"start":{"line":20,"column":6},"end":{"line":20,"column":null}},"5":{"start":{"line":22,"column":4},"end":{"line":22,"column":null}},"6":{"start":{"line":26,"column":4},"end":{"line":26,"column":null}},"7":{"start":{"line":26,"column":38},"end":{"line":26,"column":50}},"8":{"start":{"line":30,"column":4},"end":{"line":33,"column":null}},"9":{"start":{"line":31,"column":21},"end":{"line":31,"column":67}},"10":{"start":{"line":31,"column":49},"end":{"line":31,"column":67}},"11":{"start":{"line":32,"column":6},"end":{"line":33,"column":null}},"12":{"start":{"line":33,"column":8},"end":{"line":33,"column":null}},"13":{"start":{"line":36,"column":4},"end":{"line":36,"column":null}},"14":{"start":{"line":40,"column":25},"end":{"line":40,"column":58}},"15":{"start":{"line":41,"column":26},"end":{"line":41,"column":60}},"16":{"start":{"line":43,"column":4},"end":{"line":44,"column":null}},"17":{"start":{"line":44,"column":6},"end":{"line":44,"column":null}},"18":{"start":{"line":47,"column":4},"end":{"line":48,"column":null}},"19":{"start":{"line":48,"column":6},"end":{"line":48,"column":null}},"20":{"start":{"line":52,"column":4},"end":{"line":52,"column":null}}},"fnMap":{"0":{"name":"(anonymous_0)","decl":{"start":{"line":8,"column":2},"end":{"line":8,"column":14}},"loc":{"start":{"line":8,"column":30},"end":{"line":10,"column":null}},"line":8},"1":{"name":"(anonymous_1)","decl":{"start":{"line":14,"column":6},"end":{"line":14,"column":28}},"loc":{"start":{"line":14,"column":28},"end":{"line":15,"column":null}},"line":14},"2":{"name":"(anonymous_2)","decl":{"start":{"line":18,"column":2},"end":{"line":18,"column":9}},"loc":{"start":{"line":18,"column":48},"end":{"line":22,"column":null}},"line":18},"3":{"name":"(anonymous_3)","decl":{"start":{"line":25,"column":2},"end":{"line":25,"column":9}},"loc":{"start":{"line":25,"column":61},"end":{"line":26,"column":null}},"line":25},"4":{"name":"(anonymous_4)","decl":{"start":{"line":26,"column":26},"end":{"line":26,"column":32}},"loc":{"start":{"line":26,"column":38},"end":{"line":26,"column":50}},"line":26},"5":{"name":"(anonymous_5)","decl":{"start":{"line":29,"column":2},"end":{"line":29,"column":9}},"loc":{"start":{"line":29,"column":70},"end":{"line":36,"column":null}},"line":29},"6":{"name":"(anonymous_6)","decl":{"start":{"line":31,"column":37},"end":{"line":31,"column":43}},"loc":{"start":{"line":31,"column":49},"end":{"line":31,"column":67}},"line":31},"7":{"name":"(anonymous_7)","decl":{"start":{"line":39,"column":2},"end":{"line":39,"column":9}},"loc":{"start":{"line":39,"column":95},"end":{"line":52,"column":null}},"line":39}},"branchMap":{"0":{"loc":{"start":{"line":19,"column":4},"end":{"line":20,"column":null}},"type":"if","locations":[{"start":{"line":19,"column":4},"end":{"line":20,"column":null}},{"start":{},"end":{}}],"line":19},"1":{"loc":{"start":{"line":32,"column":6},"end":{"line":33,"column":null}},"type":"if","locations":[{"start":{"line":32,"column":6},"end":{"line":33,"column":null}},{"start":{},"end":{}}],"line":32},"2":{"loc":{"start":{"line":43,"column":4},"end":{"line":44,"column":null}},"type":"if","locations":[{"start":{"line":43,"column":4},"end":{"line":44,"column":null}},{"start":{},"end":{}}],"line":43},"3":{"loc":{"start":{"line":47,"column":4},"end":{"line":48,"column":null}},"type":"if","locations":[{"start":{"line":47,"column":4},"end":{"line":48,"column":null}},{"start":{},"end":{}}],"line":47}},"s":{"0":4,"1":4,"2":1,"3":5,"4":1,"5":4,"6":1,"7":1,"8":6,"9":7,"10":7,"11":7,"12":4,"13":2,"14":3,"15":3,"16":3,"17":1,"18":2,"19":1,"20":1},"f":{"0":4,"1":1,"2":5,"3":1,"4":1,"5":6,"6":7,"7":3},"b":{"0":[1,4],"1":[4,3],"2":[1,2],"3":[1,1]},"meta":{"lastBranch":4,"lastFunction":8,"lastStatement":21,"seen":{"f:8:2:8:14":0,"s:9:4:9:Infinity":0,"s:10:4:10:Infinity":1,"f:14:6:14:28":1,"s:15:4:15:Infinity":2,"f:18:2:18:9":2,"b:19:4:20:Infinity:undefined:undefined:undefined:undefined":0,"s:19:4:20:Infinity":3,"s:20:6:20:Infinity":4,"s:22:4:22:Infinity":5,"f:25:2:25:9":3,"s:26:4:26:Infinity":6,"f:26:26:26:32":4,"s:26:38:26:50":7,"f:29:2:29:9":5,"s:30:4:33:Infinity":8,"s:31:21:31:67":9,"f:31:37:31:43":6,"s:31:49:31:67":10,"b:32:6:33:Infinity:undefined:undefined:undefined:undefined":1,"s:32:6:33:Infinity":11,"s:33:8:33:Infinity":12,"s:36:4:36:Infinity":13,"f:39:2:39:9":7,"s:40:25:40:58":14,"s:41:26:41:60":15,"b:43:4:44:Infinity:undefined:undefined:undefined:undefined":2,"s:43:4:44:Infinity":16,"s:44:6:44:Infinity":17,"b:47:4:48:Infinity:undefined:undefined:undefined:undefined":3,"s:47:4:48:Infinity":18,"s:48:6:48:Infinity":19,"s:52:4:52:Infinity":20}}}
,"C:\\Users\\Julian Karata\\Documents\\Programacion\\Proyecto Type\\src\\models\\Cliente.ts": {"path":"C:\\Users\\Julian Karata\\Documents\\Programacion\\Proyecto Type\\src\\models\\Cliente.ts","statementMap":{"0":{"start":{"line":12,"column":4},"end":{"line":12,"column":null}},"1":{"start":{"line":13,"column":4},"end":{"line":13,"column":null}},"2":{"start":{"line":14,"column":4},"end":{"line":14,"column":null}},"3":{"start":{"line":15,"column":4},"end":{"line":15,"column":null}},"4":{"start":{"line":20,"column":4},"end":{"line":20,"column":null}},"5":{"start":{"line":24,"column":4},"end":{"line":25,"column":null}},"6":{"start":{"line":25,"column":6},"end":{"line":25,"column":null}},"7":{"start":{"line":27,"column":4},"end":{"line":27,"column":null}},"8":{"start":{"line":32,"column":4},"end":{"line":32,"column":null}},"9":{"start":{"line":32,"column":51},"end":{"line":32,"column":73}}},"fnMap":{"0":{"name":"(anonymous_0)","decl":{"start":{"line":11,"column":2},"end":{"line":11,"column":14}},"loc":{"start":{"line":11,"column":45},"end":{"line":15,"column":null}},"line":11},"1":{"name":"(anonymous_1)","decl":{"start":{"line":19,"column":6},"end":{"line":19,"column":30}},"loc":{"start":{"line":19,"column":30},"end":{"line":20,"column":null}},"line":19},"2":{"name":"(anonymous_2)","decl":{"start":{"line":23,"column":2},"end":{"line":23,"column":9}},"loc":{"start":{"line":23,"column":49},"end":{"line":27,"column":null}},"line":23},"3":{"name":"(anonymous_3)","decl":{"start":{"line":31,"column":2},"end":{"line":31,"column":9}},"loc":{"start":{"line":31,"column":39},"end":{"line":32,"column":null}},"line":31},"4":{"name":"(anonymous_4)","decl":{"start":{"line":32,"column":25},"end":{"line":32,"column":33}},"loc":{"start":{"line":32,"column":51},"end":{"line":32,"column":73}},"line":32}},"branchMap":{"0":{"loc":{"start":{"line":24,"column":4},"end":{"line":25,"column":null}},"type":"if","locations":[{"start":{"line":24,"column":4},"end":{"line":25,"column":null}},{"start":{},"end":{}}],"line":24}},"s":{"0":7,"1":7,"2":7,"3":7,"4":8,"5":6,"6":1,"7":5,"8":1,"9":2},"f":{"0":7,"1":8,"2":6,"3":1,"4":2},"b":{"0":[1,5]},"meta":{"lastBranch":1,"lastFunction":5,"lastStatement":10,"seen":{"f:11:2:11:14":0,"s:12:4:12:Infinity":0,"s:13:4:13:Infinity":1,"s:14:4:14:Infinity":2,"s:15:4:15:Infinity":3,"f:19:6:19:30":1,"s:20:4:20:Infinity":4,"f:23:2:23:9":2,"b:24:4:25:Infinity:undefined:undefined:undefined:undefined":0,"s:24:4:25:Infinity":5,"s:25:6:25:Infinity":6,"s:27:4:27:Infinity":7,"f:31:2:31:9":3,"s:32:4:32:Infinity":8,"f:32:25:32:33":4,"s:32:51:32:73":9}}}
,"C:\\Users\\Julian Karata\\Documents\\Programacion\\Proyecto Type\\src\\models\\CuentaAhorro.ts": {"path":"C:\\Users\\Julian Karata\\Documents\\Programacion\\Proyecto Type\\src\\models\\CuentaAhorro.ts","statementMap":{"0":{"start":{"line":5,"column":4},"end":{"line":5,"column":null}},"1":{"start":{"line":9,"column":4},"end":{"line":10,"column":null}},"2":{"start":{"line":10,"column":6},"end":{"line":10,"column":null}},"3":{"start":{"line":13,"column":4},"end":{"line":14,"column":null}},"4":{"start":{"line":14,"column":6},"end":{"line":14,"column":null}},"5":{"start":{"line":17,"column":4},"end":{"line":17,"column":null}},"6":{"start":{"line":18,"column":4},"end":{"line":18,"column":null}},"7":{"start":{"line":22,"column":4},"end":{"line":23,"column":null}},"8":{"start":{"line":23,"column":6},"end":{"line":23,"column":null}},"9":{"start":{"line":25,"column":20},"end":{"line":25,"column":null}},"10":{"start":{"line":26,"column":4},"end":{"line":26,"column":null}}},"fnMap":{"0":{"name":"(anonymous_0)","decl":{"start":{"line":4,"column":2},"end":{"line":4,"column":14}},"loc":{"start":{"line":4,"column":57},"end":{"line":5,"column":null}},"line":4},"1":{"name":"(anonymous_1)","decl":{"start":{"line":8,"column":2},"end":{"line":8,"column":9}},"loc":{"start":{"line":8,"column":82},"end":{"line":18,"column":null}},"line":8},"2":{"name":"(anonymous_2)","decl":{"start":{"line":21,"column":2},"end":{"line":21,"column":9}},"loc":{"start":{"line":21,"column":52},"end":{"line":26,"column":null}},"line":21}},"branchMap":{"0":{"loc":{"start":{"line":4,"column":31},"end":{"line":4,"column":57}},"type":"default-arg","locations":[{"start":{"line":4,"column":54},"end":{"line":4,"column":57}}],"line":4},"1":{"loc":{"start":{"line":8,"column":32},"end":{"line":8,"column":82}},"type":"default-arg","locations":[{"start":{"line":8,"column":52},"end":{"line":8,"column":82}}],"line":8},"2":{"loc":{"start":{"line":9,"column":4},"end":{"line":10,"column":null}},"type":"if","locations":[{"start":{"line":9,"column":4},"end":{"line":10,"column":null}},{"start":{},"end":{}}],"line":9},"3":{"loc":{"start":{"line":13,"column":4},"end":{"line":14,"column":null}},"type":"if","locations":[{"start":{"line":13,"column":4},"end":{"line":14,"column":null}},{"start":{},"end":{}}],"line":13},"4":{"loc":{"start":{"line":22,"column":4},"end":{"line":23,"column":null}},"type":"if","locations":[{"start":{"line":22,"column":4},"end":{"line":23,"column":null}},{"start":{},"end":{}}],"line":22}},"s":{"0":14,"1":6,"2":2,"3":4,"4":1,"5":3,"6":3,"7":2,"8":1,"9":1,"10":1},"f":{"0":14,"1":6,"2":2},"b":{"0":[14],"1":[6],"2":[2,4],"3":[1,3],"4":[1,1]},"meta":{"lastBranch":5,"lastFunction":3,"lastStatement":11,"seen":{"f:4:2:4:14":0,"b:4:54:4:57":0,"s:5:4:5:Infinity":0,"f:8:2:8:9":1,"b:8:52:8:82":1,"b:9:4:10:Infinity:undefined:undefined:undefined:undefined":2,"s:9:4:10:Infinity":1,"s:10:6:10:Infinity":2,"b:13:4:14:Infinity:undefined:undefined:undefined:undefined":3,"s:13:4:14:Infinity":3,"s:14:6:14:Infinity":4,"s:17:4:17:Infinity":5,"s:18:4:18:Infinity":6,"f:21:2:21:9":2,"b:22:4:23:Infinity:undefined:undefined:undefined:undefined":4,"s:22:4:23:Infinity":7,"s:23:6:23:Infinity":8,"s:25:20:25:Infinity":9,"s:26:4:26:Infinity":10}}}
,"C:\\Users\\Julian Karata\\Documents\\Programacion\\Proyecto Type\\src\\models\\CuentaBase.ts": {"path":"C:\\Users\\Julian Karata\\Documents\\Programacion\\Proyecto Type\\src\\models\\CuentaBase.ts","statementMap":{"0":{"start":{"line":11,"column":4},"end":{"line":11,"column":null}},"1":{"start":{"line":12,"column":4},"end":{"line":12,"column":null}},"2":{"start":{"line":13,"column":4},"end":{"line":13,"column":null}},"3":{"start":{"line":14,"column":4},"end":{"line":14,"column":null}},"4":{"start":{"line":16,"column":4},"end":{"line":17,"column":null}},"5":{"start":{"line":17,"column":6},"end":{"line":17,"column":null}},"6":{"start":{"line":22,"column":4},"end":{"line":22,"column":null}},"7":{"start":{"line":27,"column":4},"end":{"line":27,"column":null}},"8":{"start":{"line":32,"column":4},"end":{"line":33,"column":null}},"9":{"start":{"line":33,"column":6},"end":{"line":33,"column":null}},"10":{"start":{"line":35,"column":4},"end":{"line":35,"column":null}},"11":{"start":{"line":39,"column":4},"end":{"line":39,"column":null}},"12":{"start":{"line":44,"column":4},"end":{"line":44,"column":null}},"13":{"start":{"line":48,"column":38},"end":{"line":53,"column":null}},"14":{"start":{"line":54,"column":4},"end":{"line":55,"column":null}},"15":{"start":{"line":55,"column":6},"end":{"line":55,"column":null}},"16":{"start":{"line":57,"column":4},"end":{"line":57,"column":null}},"17":{"start":{"line":61,"column":4},"end":{"line":62,"column":null}},"18":{"start":{"line":62,"column":6},"end":{"line":62,"column":null}},"19":{"start":{"line":64,"column":4},"end":{"line":64,"column":null}},"20":{"start":{"line":65,"column":4},"end":{"line":65,"column":null}},"21":{"start":{"line":70,"column":4},"end":{"line":71,"column":null}},"22":{"start":{"line":71,"column":6},"end":{"line":71,"column":null}},"23":{"start":{"line":74,"column":4},"end":{"line":74,"column":null}},"24":{"start":{"line":75,"column":4},"end":{"line":75,"column":null}}},"fnMap":{"0":{"name":"(anonymous_0)","decl":{"start":{"line":10,"column":2},"end":{"line":10,"column":14}},"loc":{"start":{"line":10,"column":57},"end":{"line":17,"column":null}},"line":10},"1":{"name":"(anonymous_1)","decl":{"start":{"line":21,"column":6},"end":{"line":21,"column":19}},"loc":{"start":{"line":21,"column":19},"end":{"line":22,"column":null}},"line":21},"2":{"name":"(anonymous_2)","decl":{"start":{"line":26,"column":6},"end":{"line":26,"column":22}},"loc":{"start":{"line":26,"column":22},"end":{"line":27,"column":null}},"line":26},"3":{"name":"(anonymous_3)","decl":{"start":{"line":31,"column":16},"end":{"line":31,"column":22}},"loc":{"start":{"line":31,"column":42},"end":{"line":35,"column":null}},"line":31},"4":{"name":"(anonymous_4)","decl":{"start":{"line":38,"column":6},"end":{"line":38,"column":24}},"loc":{"start":{"line":38,"column":24},"end":{"line":39,"column":null}},"line":38},"5":{"name":"(anonymous_5)","decl":{"start":{"line":42,"column":6},"end":{"line":42,"column":34}},"loc":{"start":{"line":42,"column":34},"end":{"line":44,"column":null}},"line":42},"6":{"name":"(anonymous_6)","decl":{"start":{"line":47,"column":2},"end":{"line":47,"column":12}},"loc":{"start":{"line":47,"column":125},"end":{"line":57,"column":null}},"line":47},"7":{"name":"(anonymous_7)","decl":{"start":{"line":60,"column":2},"end":{"line":60,"column":9}},"loc":{"start":{"line":60,"column":72},"end":{"line":65,"column":null}},"line":60},"8":{"name":"(anonymous_8)","decl":{"start":{"line":69,"column":2},"end":{"line":69,"column":9}},"loc":{"start":{"line":69,"column":68},"end":{"line":75,"column":null}},"line":69}},"branchMap":{"0":{"loc":{"start":{"line":10,"column":31},"end":{"line":10,"column":57}},"type":"default-arg","locations":[{"start":{"line":10,"column":54},"end":{"line":10,"column":57}}],"line":10},"1":{"loc":{"start":{"line":16,"column":4},"end":{"line":17,"column":null}},"type":"if","locations":[{"start":{"line":16,"column":4},"end":{"line":17,"column":null}},{"start":{},"end":{}}],"line":16},"2":{"loc":{"start":{"line":32,"column":4},"end":{"line":33,"column":null}},"type":"if","locations":[{"start":{"line":32,"column":4},"end":{"line":33,"column":null}},{"start":{},"end":{}}],"line":32},"3":{"loc":{"start":{"line":32,"column":8},"end":{"line":32,"column":59}},"type":"binary-expr","locations":[{"start":{"line":32,"column":8},"end":{"line":32,"column":42}},{"start":{"line":32,"column":42},"end":{"line":32,"column":59}}],"line":32},"4":{"loc":{"start":{"line":54,"column":4},"end":{"line":55,"column":null}},"type":"if","locations":[{"start":{"line":54,"column":4},"end":{"line":55,"column":null}},{"start":{},"end":{}}],"line":54},"5":{"loc":{"start":{"line":60,"column":34},"end":{"line":60,"column":72}},"type":"default-arg","locations":[{"start":{"line":60,"column":54},"end":{"line":60,"column":72}}],"line":60},"6":{"loc":{"start":{"line":61,"column":4},"end":{"line":62,"column":null}},"type":"if","locations":[{"start":{"line":61,"column":4},"end":{"line":62,"column":null}},{"start":{},"end":{}}],"line":61},"7":{"loc":{"start":{"line":70,"column":4},"end":{"line":71,"column":null}},"type":"if","locations":[{"start":{"line":70,"column":4},"end":{"line":71,"column":null}},{"start":{},"end":{}}],"line":70}},"s":{"0":23,"1":23,"2":23,"3":23,"4":23,"5":14,"6":11,"7":31,"8":11,"9":1,"10":10,"11":5,"12":2,"13":24,"14":24,"15":24,"16":24,"17":6,"18":2,"19":4,"20":4,"21":3,"22":1,"23":2,"24":2},"f":{"0":23,"1":11,"2":31,"3":11,"4":5,"5":2,"6":24,"7":6,"8":3},"b":{"0":[23],"1":[14,9],"2":[1,10],"3":[11,11],"4":[24,0],"5":[6],"6":[2,4],"7":[1,2]},"meta":{"lastBranch":8,"lastFunction":9,"lastStatement":25,"seen":{"f:10:2:10:14":0,"b:10:54:10:57":0,"s:11:4:11:Infinity":0,"s:12:4:12:Infinity":1,"s:13:4:13:Infinity":2,"s:14:4:14:Infinity":3,"b:16:4:17:Infinity:undefined:undefined:undefined:undefined":1,"s:16:4:17:Infinity":4,"s:17:6:17:Infinity":5,"f:21:6:21:19":1,"s:22:4:22:Infinity":6,"f:26:6:26:22":2,"s:27:4:27:Infinity":7,"f:31:16:31:22":3,"b:32:4:33:Infinity:undefined:undefined:undefined:undefined":2,"s:32:4:33:Infinity":8,"b:32:8:32:42:32:42:32:59":3,"s:33:6:33:Infinity":9,"s:35:4:35:Infinity":10,"f:38:6:38:24":4,"s:39:4:39:Infinity":11,"f:42:6:42:34":5,"s:44:4:44:Infinity":12,"f:47:2:47:12":6,"s:48:38:53:Infinity":13,"b:54:4:55:Infinity:undefined:undefined:undefined:undefined":4,"s:54:4:55:Infinity":14,"s:55:6:55:Infinity":15,"s:57:4:57:Infinity":16,"f:60:2:60:9":7,"b:60:54:60:72":5,"b:61:4:62:Infinity:undefined:undefined:undefined:undefined":6,"s:61:4:62:Infinity":17,"s:62:6:62:Infinity":18,"s:64:4:64:Infinity":19,"s:65:4:65:Infinity":20,"f:69:2:69:9":8,"b:70:4:71:Infinity:undefined:undefined:undefined:undefined":7,"s:70:4:71:Infinity":21,"s:71:6:71:Infinity":22,"s:74:4:74:Infinity":23,"s:75:4:75:Infinity":24}}}
,"C:\\Users\\Julian Karata\\Documents\\Programacion\\Proyecto Type\\src\\models\\CuentaCorriente.ts": {"path":"C:\\Users\\Julian Karata\\Documents\\Programacion\\Proyecto Type\\src\\models\\CuentaCorriente.ts","statementMap":{"0":{"start":{"line":7,"column":4},"end":{"line":7,"column":null}},"1":{"start":{"line":10,"column":4},"end":{"line":11,"column":null}},"2":{"start":{"line":11,"column":6},"end":{"line":11,"column":null}},"3":{"start":{"line":13,"column":4},"end":{"line":13,"column":null}},"4":{"start":{"line":17,"column":4},"end":{"line":17,"column":null}},"5":{"start":{"line":21,"column":4},"end":{"line":22,"column":null}},"6":{"start":{"line":22,"column":6},"end":{"line":22,"column":null}},"7":{"start":{"line":26,"column":32},"end":{"line":26,"column":null}},"8":{"start":{"line":27,"column":4},"end":{"line":28,"column":null}},"9":{"start":{"line":28,"column":6},"end":{"line":28,"column":null}},"10":{"start":{"line":31,"column":4},"end":{"line":31,"column":null}},"11":{"start":{"line":32,"column":4},"end":{"line":32,"column":null}}},"fnMap":{"0":{"name":"(anonymous_0)","decl":{"start":{"line":6,"column":2},"end":{"line":6,"column":14}},"loc":{"start":{"line":6,"column":92},"end":{"line":13,"column":null}},"line":6},"1":{"name":"(anonymous_1)","decl":{"start":{"line":16,"column":6},"end":{"line":16,"column":34}},"loc":{"start":{"line":16,"column":34},"end":{"line":17,"column":null}},"line":16},"2":{"name":"(anonymous_2)","decl":{"start":{"line":20,"column":2},"end":{"line":20,"column":9}},"loc":{"start":{"line":20,"column":92},"end":{"line":32,"column":null}},"line":20}},"branchMap":{"0":{"loc":{"start":{"line":6,"column":31},"end":{"line":6,"column":57}},"type":"default-arg","locations":[{"start":{"line":6,"column":54},"end":{"line":6,"column":57}}],"line":6},"1":{"loc":{"start":{"line":6,"column":57},"end":{"line":6,"column":92}},"type":"default-arg","locations":[{"start":{"line":6,"column":85},"end":{"line":6,"column":92}}],"line":6},"2":{"loc":{"start":{"line":10,"column":4},"end":{"line":11,"column":null}},"type":"if","locations":[{"start":{"line":10,"column":4},"end":{"line":11,"column":null}},{"start":{},"end":{}}],"line":10},"3":{"loc":{"start":{"line":20,"column":32},"end":{"line":20,"column":92}},"type":"default-arg","locations":[{"start":{"line":20,"column":52},"end":{"line":20,"column":92}}],"line":20},"4":{"loc":{"start":{"line":21,"column":4},"end":{"line":22,"column":null}},"type":"if","locations":[{"start":{"line":21,"column":4},"end":{"line":22,"column":null}},{"start":{},"end":{}}],"line":21},"5":{"loc":{"start":{"line":27,"column":4},"end":{"line":28,"column":null}},"type":"if","locations":[{"start":{"line":27,"column":4},"end":{"line":28,"column":null}},{"start":{},"end":{}}],"line":27}},"s":{"0":9,"1":9,"2":1,"3":8,"4":1,"5":5,"6":1,"7":4,"8":4,"9":1,"10":3,"11":3},"f":{"0":9,"1":1,"2":5},"b":{"0":[9],"1":[9],"2":[1,8],"3":[5],"4":[1,4],"5":[1,3]},"meta":{"lastBranch":6,"lastFunction":3,"lastStatement":12,"seen":{"f:6:2:6:14":0,"b:6:54:6:57":0,"b:6:85:6:92":1,"s:7:4:7:Infinity":0,"b:10:4:11:Infinity:undefined:undefined:undefined:undefined":2,"s:10:4:11:Infinity":1,"s:11:6:11:Infinity":2,"s:13:4:13:Infinity":3,"f:16:6:16:34":1,"s:17:4:17:Infinity":4,"f:20:2:20:9":2,"b:20:52:20:92":3,"b:21:4:22:Infinity:undefined:undefined:undefined:undefined":4,"s:21:4:22:Infinity":5,"s:22:6:22:Infinity":6,"s:26:32:26:Infinity":7,"b:27:4:28:Infinity:undefined:undefined:undefined:undefined":5,"s:27:4:28:Infinity":8,"s:28:6:28:Infinity":9,"s:31:4:31:Infinity":10,"s:32:4:32:Infinity":11}}}
}
