{"C:\\Users\\Julian Karata\\Documents\\Programacion\\Proyecto Type\\src\\models\\CuentaAhorro.ts": {"path":"C:\\Users\\Julian Karata\\Documents\\Programacion\\Proyecto Type\\src\\models\\CuentaAhorro.ts","statementMap":{"0":{"start":{"line":5,"column":4},"end":{"line":5,"column":null}},"1":{"start":{"line":9,"column":4},"end":{"line":10,"column":null}},"2":{"start":{"line":10,"column":6},"end":{"line":10,"column":null}},"3":{"start":{"line":13,"column":4},"end":{"line":14,"column":null}},"4":{"start":{"line":14,"column":6},"end":{"line":14,"column":null}},"5":{"start":{"line":17,"column":4},"end":{"line":17,"column":null}},"6":{"start":{"line":18,"column":4},"end":{"line":18,"column":null}},"7":{"start":{"line":22,"column":4},"end":{"line":23,"column":null}},"8":{"start":{"line":23,"column":6},"end":{"line":23,"column":null}},"9":{"start":{"line":25,"column":20},"end":{"line":25,"column":null}},"10":{"start":{"line":26,"column":4},"end":{"line":26,"column":null}}},"fnMap":{"0":{"name":"(anonymous_0)","decl":{"start":{"line":4,"column":2},"end":{"line":4,"column":14}},"loc":{"start":{"line":4,"column":57},"end":{"line":5,"column":null}},"line":4},"1":{"name":"(anonymous_1)","decl":{"start":{"line":8,"column":2},"end":{"line":8,"column":9}},"loc":{"start":{"line":8,"column":82},"end":{"line":18,"column":null}},"line":8},"2":{"name":"(anonymous_2)","decl":{"start":{"line":21,"column":2},"end":{"line":21,"column":9}},"loc":{"start":{"line":21,"column":52},"end":{"line":26,"column":null}},"line":21}},"branchMap":{"0":{"loc":{"start":{"line":4,"column":31},"end":{"line":4,"column":57}},"type":"default-arg","locations":[{"start":{"line":4,"column":54},"end":{"line":4,"column":57}}],"line":4},"1":{"loc":{"start":{"line":8,"column":32},"end":{"line":8,"column":82}},"type":"default-arg","locations":[{"start":{"line":8,"column":52},"end":{"line":8,"column":82}}],"line":8},"2":{"loc":{"start":{"line":9,"column":4},"end":{"line":10,"column":null}},"type":"if","locations":[{"start":{"line":9,"column":4},"end":{"line":10,"column":null}},{"start":{},"end":{}}],"line":9},"3":{"loc":{"start":{"line":13,"column":4},"end":{"line":14,"column":null}},"type":"if","locations":[{"start":{"line":13,"column":4},"end":{"line":14,"column":null}},{"start":{},"end":{}}],"line":13},"4":{"loc":{"start":{"line":22,"column":4},"end":{"line":23,"column":null}},"type":"if","locations":[{"start":{"line":22,"column":4},"end":{"line":23,"column":null}},{"start":{},"end":{}}],"line":22}},"s":{"0":3,"1":2,"2":0,"3":2,"4":1,"5":1,"6":1,"7":0,"8":0,"9":0,"10":0},"f":{"0":3,"1":2,"2":0},"b":{"0":[3],"1":[2],"2":[0,2],"3":[1,1],"4":[0,0]},"meta":{"lastBranch":5,"lastFunction":3,"lastStatement":11,"seen":{"f:4:2:4:14":0,"b:4:54:4:57":0,"s:5:4:5:Infinity":0,"f:8:2:8:9":1,"b:8:52:8:82":1,"b:9:4:10:Infinity:undefined:undefined:undefined:undefined":2,"s:9:4:10:Infinity":1,"s:10:6:10:Infinity":2,"b:13:4:14:Infinity:undefined:undefined:undefined:undefined":3,"s:13:4:14:Infinity":3,"s:14:6:14:Infinity":4,"s:17:4:17:Infinity":5,"s:18:4:18:Infinity":6,"f:21:2:21:9":2,"b:22:4:23:Infinity:undefined:undefined:undefined:undefined":4,"s:22:4:23:Infinity":7,"s:23:6:23:Infinity":8,"s:25:20:25:Infinity":9,"s:26:4:26:Infinity":10}}}
,"C:\\Users\\Julian Karata\\Documents\\Programacion\\Proyecto Type\\src\\models\\CuentaBase.ts": {"path":"C:\\Users\\Julian Karata\\Documents\\Programacion\\Proyecto Type\\src\\models\\CuentaBase.ts","statementMap":{"0":{"start":{"line":9,"column":4},"end":{"line":9,"column":null}},"1":{"start":{"line":10,"column":4},"end":{"line":10,"column":null}},"2":{"start":{"line":11,"column":4},"end":{"line":11,"column":null}},"3":{"start":{"line":13,"column":4},"end":{"line":14,"column":null}},"4":{"start":{"line":14,"column":6},"end":{"line":14,"column":null}},"5":{"start":{"line":20,"column":4},"end":{"line":20,"column":null}},"6":{"start":{"line":25,"column":4},"end":{"line":26,"column":null}},"7":{"start":{"line":26,"column":6},"end":{"line":26,"column":null}},"8":{"start":{"line":28,"column":4},"end":{"line":28,"column":null}},"9":{"start":{"line":32,"column":4},"end":{"line":32,"column":null}},"10":{"start":{"line":37,"column":4},"end":{"line":37,"column":null}},"11":{"start":{"line":41,"column":38},"end":{"line":45,"column":null}},"12":{"start":{"line":46,"column":4},"end":{"line":46,"column":null}},"13":{"start":{"line":50,"column":4},"end":{"line":51,"column":null}},"14":{"start":{"line":51,"column":6},"end":{"line":51,"column":null}},"15":{"start":{"line":53,"column":4},"end":{"line":53,"column":null}},"16":{"start":{"line":54,"column":4},"end":{"line":54,"column":null}}},"fnMap":{"0":{"name":"(anonymous_0)","decl":{"start":{"line":8,"column":2},"end":{"line":8,"column":14}},"loc":{"start":{"line":8,"column":57},"end":{"line":14,"column":null}},"line":8},"1":{"name":"(anonymous_1)","decl":{"start":{"line":19,"column":6},"end":{"line":19,"column":22}},"loc":{"start":{"line":19,"column":22},"end":{"line":20,"column":null}},"line":19},"2":{"name":"(anonymous_2)","decl":{"start":{"line":24,"column":16},"end":{"line":24,"column":22}},"loc":{"start":{"line":24,"column":42},"end":{"line":28,"column":null}},"line":24},"3":{"name":"(anonymous_3)","decl":{"start":{"line":31,"column":6},"end":{"line":31,"column":24}},"loc":{"start":{"line":31,"column":24},"end":{"line":32,"column":null}},"line":31},"4":{"name":"(anonymous_4)","decl":{"start":{"line":35,"column":6},"end":{"line":35,"column":34}},"loc":{"start":{"line":35,"column":34},"end":{"line":37,"column":null}},"line":35},"5":{"name":"(anonymous_5)","decl":{"start":{"line":40,"column":2},"end":{"line":40,"column":12}},"loc":{"start":{"line":40,"column":73},"end":{"line":46,"column":null}},"line":40},"6":{"name":"(anonymous_6)","decl":{"start":{"line":49,"column":2},"end":{"line":49,"column":9}},"loc":{"start":{"line":49,"column":72},"end":{"line":54,"column":null}},"line":49}},"branchMap":{"0":{"loc":{"start":{"line":8,"column":31},"end":{"line":8,"column":57}},"type":"default-arg","locations":[{"start":{"line":8,"column":54},"end":{"line":8,"column":57}}],"line":8},"1":{"loc":{"start":{"line":13,"column":4},"end":{"line":14,"column":null}},"type":"if","locations":[{"start":{"line":13,"column":4},"end":{"line":14,"column":null}},{"start":{},"end":{}}],"line":13},"2":{"loc":{"start":{"line":25,"column":4},"end":{"line":26,"column":null}},"type":"if","locations":[{"start":{"line":25,"column":4},"end":{"line":26,"column":null}},{"start":{},"end":{}}],"line":25},"3":{"loc":{"start":{"line":25,"column":8},"end":{"line":25,"column":59}},"type":"binary-expr","locations":[{"start":{"line":25,"column":8},"end":{"line":25,"column":42}},{"start":{"line":25,"column":42},"end":{"line":25,"column":59}}],"line":25},"4":{"loc":{"start":{"line":49,"column":34},"end":{"line":49,"column":72}},"type":"default-arg","locations":[{"start":{"line":49,"column":54},"end":{"line":49,"column":72}}],"line":49},"5":{"loc":{"start":{"line":50,"column":4},"end":{"line":51,"column":null}},"type":"if","locations":[{"start":{"line":50,"column":4},"end":{"line":51,"column":null}},{"start":{},"end":{}}],"line":50}},"s":{"0":5,"1":5,"2":5,"3":5,"4":3,"5":14,"6":4,"7":0,"8":4,"9":0,"10":1,"11":7,"12":7,"13":1,"14":0,"15":1,"16":1},"f":{"0":5,"1":14,"2":4,"3":0,"4":1,"5":7,"6":1},"b":{"0":[5],"1":[3,2],"2":[0,4],"3":[4,4],"4":[1],"5":[0,1]},"meta":{"lastBranch":6,"lastFunction":7,"lastStatement":17,"seen":{"f:8:2:8:14":0,"b:8:54:8:57":0,"s:9:4:9:Infinity":0,"s:10:4:10:Infinity":1,"s:11:4:11:Infinity":2,"b:13:4:14:Infinity:undefined:undefined:undefined:undefined":1,"s:13:4:14:Infinity":3,"s:14:6:14:Infinity":4,"f:19:6:19:22":1,"s:20:4:20:Infinity":5,"f:24:16:24:22":2,"b:25:4:26:Infinity:undefined:undefined:undefined:undefined":2,"s:25:4:26:Infinity":6,"b:25:8:25:42:25:42:25:59":3,"s:26:6:26:Infinity":7,"s:28:4:28:Infinity":8,"f:31:6:31:24":3,"s:32:4:32:Infinity":9,"f:35:6:35:34":4,"s:37:4:37:Infinity":10,"f:40:2:40:12":5,"s:41:38:45:Infinity":11,"s:46:4:46:Infinity":12,"f:49:2:49:9":6,"b:49:54:49:72":4,"b:50:4:51:Infinity:undefined:undefined:undefined:undefined":5,"s:50:4:51:Infinity":13,"s:51:6:51:Infinity":14,"s:53:4:53:Infinity":15,"s:54:4:54:Infinity":16}}}
,"C:\\Users\\Julian Karata\\Documents\\Programacion\\Proyecto Type\\src\\models\\CuentaCorriente.ts": {"path":"C:\\Users\\Julian Karata\\Documents\\Programacion\\Proyecto Type\\src\\models\\CuentaCorriente.ts","statementMap":{"0":{"start":{"line":7,"column":4},"end":{"line":7,"column":null}},"1":{"start":{"line":10,"column":4},"end":{"line":11,"column":null}},"2":{"start":{"line":11,"column":6},"end":{"line":11,"column":null}},"3":{"start":{"line":13,"column":4},"end":{"line":13,"column":null}},"4":{"start":{"line":17,"column":4},"end":{"line":17,"column":null}},"5":{"start":{"line":21,"column":4},"end":{"line":22,"column":null}},"6":{"start":{"line":22,"column":6},"end":{"line":22,"column":null}},"7":{"start":{"line":26,"column":32},"end":{"line":26,"column":null}},"8":{"start":{"line":27,"column":4},"end":{"line":28,"column":null}},"9":{"start":{"line":28,"column":6},"end":{"line":28,"column":null}},"10":{"start":{"line":31,"column":4},"end":{"line":31,"column":null}},"11":{"start":{"line":32,"column":4},"end":{"line":32,"column":null}}},"fnMap":{"0":{"name":"(anonymous_0)","decl":{"start":{"line":6,"column":2},"end":{"line":6,"column":14}},"loc":{"start":{"line":6,"column":92},"end":{"line":13,"column":null}},"line":6},"1":{"name":"(anonymous_1)","decl":{"start":{"line":16,"column":6},"end":{"line":16,"column":34}},"loc":{"start":{"line":16,"column":34},"end":{"line":17,"column":null}},"line":16},"2":{"name":"(anonymous_2)","decl":{"start":{"line":20,"column":2},"end":{"line":20,"column":9}},"loc":{"start":{"line":20,"column":92},"end":{"line":32,"column":null}},"line":20}},"branchMap":{"0":{"loc":{"start":{"line":6,"column":31},"end":{"line":6,"column":57}},"type":"default-arg","locations":[{"start":{"line":6,"column":54},"end":{"line":6,"column":57}}],"line":6},"1":{"loc":{"start":{"line":6,"column":57},"end":{"line":6,"column":92}},"type":"default-arg","locations":[{"start":{"line":6,"column":85},"end":{"line":6,"column":92}}],"line":6},"2":{"loc":{"start":{"line":10,"column":4},"end":{"line":11,"column":null}},"type":"if","locations":[{"start":{"line":10,"column":4},"end":{"line":11,"column":null}},{"start":{},"end":{}}],"line":10},"3":{"loc":{"start":{"line":20,"column":32},"end":{"line":20,"column":92}},"type":"default-arg","locations":[{"start":{"line":20,"column":52},"end":{"line":20,"column":92}}],"line":20},"4":{"loc":{"start":{"line":21,"column":4},"end":{"line":22,"column":null}},"type":"if","locations":[{"start":{"line":21,"column":4},"end":{"line":22,"column":null}},{"start":{},"end":{}}],"line":21},"5":{"loc":{"start":{"line":27,"column":4},"end":{"line":28,"column":null}},"type":"if","locations":[{"start":{"line":27,"column":4},"end":{"line":28,"column":null}},{"start":{},"end":{}}],"line":27}},"s":{"0":2,"1":2,"2":0,"3":2,"4":0,"5":3,"6":0,"7":3,"8":3,"9":1,"10":2,"11":2},"f":{"0":2,"1":0,"2":3},"b":{"0":[2],"1":[2],"2":[0,2],"3":[3],"4":[0,3],"5":[1,2]},"meta":{"lastBranch":6,"lastFunction":3,"lastStatement":12,"seen":{"f:6:2:6:14":0,"b:6:54:6:57":0,"b:6:85:6:92":1,"s:7:4:7:Infinity":0,"b:10:4:11:Infinity:undefined:undefined:undefined:undefined":2,"s:10:4:11:Infinity":1,"s:11:6:11:Infinity":2,"s:13:4:13:Infinity":3,"f:16:6:16:34":1,"s:17:4:17:Infinity":4,"f:20:2:20:9":2,"b:20:52:20:92":3,"b:21:4:22:Infinity:undefined:undefined:undefined:undefined":4,"s:21:4:22:Infinity":5,"s:22:6:22:Infinity":6,"s:26:32:26:Infinity":7,"b:27:4:28:Infinity:undefined:undefined:undefined:undefined":5,"s:27:4:28:Infinity":8,"s:28:6:28:Infinity":9,"s:31:4:31:Infinity":10,"s:32:4:32:Infinity":11}}}
}
